<?xml version="1.0" encoding="UTF-8"?>
<testng-results ignored="0" total="8" passed="6" failed="2" skipped="0">
  <reporter-output>
  </reporter-output>
  <suite started-at="2022-09-13T13:13:10 IST" name="Suite" finished-at="2022-09-13T13:17:29 IST" duration-ms="259207">
    <groups>
    </groups>
    <test started-at="2022-09-13T13:13:10 IST" name="Email_Survey_Default" finished-at="2022-09-13T13:15:18 IST" duration-ms="128664">
      <class name="com.checkerSoftware.testCases.Email_Survey_Updated_In_Survey_Body_Auto_Test">
        <test-method is-config="true" signature="loadConfig()[pri:0, instance:com.checkerSoftware.testCases.Email_Survey_Updated_In_Survey_Body_Auto_Test@402c4085]" started-at="2022-09-13T13:13:10 IST" name="loadConfig" finished-at="2022-09-13T13:13:10 IST" duration-ms="30" status="PASS">
          <reporter-output>
          </reporter-output>
        </test-method> <!-- loadConfig -->
        <test-method is-config="true" signature="Asetup()[pri:0, instance:com.checkerSoftware.testCases.Email_Survey_Updated_In_Survey_Body_Auto_Test@402c4085]" started-at="2022-09-13T13:13:10 IST" name="Asetup" finished-at="2022-09-13T13:13:20 IST" duration-ms="10278" status="PASS">
          <reporter-output>
          </reporter-output>
        </test-method> <!-- Asetup -->
        <test-method signature="BcreateNewSampleRowEmail()[pri:0, instance:com.checkerSoftware.testCases.Email_Survey_Updated_In_Survey_Body_Auto_Test@402c4085]" started-at="2022-09-13T13:13:20 IST" name="BcreateNewSampleRowEmail" finished-at="2022-09-13T13:13:31 IST" duration-ms="11055" status="PASS">
          <reporter-output>
          </reporter-output>
        </test-method> <!-- BcreateNewSampleRowEmail -->
        <test-method signature="CeditSurvey()[pri:0, instance:com.checkerSoftware.testCases.Email_Survey_Updated_In_Survey_Body_Auto_Test@402c4085]" started-at="2022-09-13T13:13:31 IST" name="CeditSurvey" finished-at="2022-09-13T13:14:20 IST" depends-on-methods="com.checkerSoftware.testCases.Email_Survey_Updated_In_Survey_Body_Auto_Test.BcreateNewSampleRowEmail" duration-ms="48534" status="PASS">
          <reporter-output>
          </reporter-output>
        </test-method> <!-- CeditSurvey -->
        <test-method signature="DxEmailLogin_SurveySubmit()[pri:0, instance:com.checkerSoftware.testCases.Email_Survey_Updated_In_Survey_Body_Auto_Test@402c4085]" started-at="2022-09-13T13:14:20 IST" name="DxEmailLogin_SurveySubmit" finished-at="2022-09-13T13:15:03 IST" depends-on-methods="com.checkerSoftware.testCases.Email_Survey_Updated_In_Survey_Body_Auto_Test.CeditSurvey" duration-ms="43086" status="PASS">
          <reporter-output>
          </reporter-output>
        </test-method> <!-- DxEmailLogin_SurveySubmit -->
        <test-method signature="Validate_Thankyou_EMail()[pri:0, instance:com.checkerSoftware.testCases.Email_Survey_Updated_In_Survey_Body_Auto_Test@402c4085]" started-at="2022-09-13T13:15:03 IST" name="Validate_Thankyou_EMail" finished-at="2022-09-13T13:15:18 IST" depends-on-methods="com.checkerSoftware.testCases.Email_Survey_Updated_In_Survey_Body_Auto_Test.DxEmailLogin_SurveySubmit" duration-ms="15620" status="FAIL">
          <exception class="java.lang.AssertionError">
            <message>
              <![CDATA[MisMatch ThankYou Massage E Mail Subject expected [Thank you Raj. ] but found [Thank you Raj.]]]>
            </message>
            <full-stacktrace>
              <![CDATA[java.lang.AssertionError: MisMatch ThankYou Massage E Mail Subject expected [Thank you Raj. ] but found [Thank you Raj.]
at org.testng.Assert.fail(Assert.java:110)
at org.testng.Assert.failNotEquals(Assert.java:1413)
at org.testng.Assert.assertEqualsImpl(Assert.java:149)
at org.testng.Assert.assertEquals(Assert.java:131)
at org.testng.Assert.assertEquals(Assert.java:655)
at com.checkerSoftware.testCases.Email_Survey_Updated_In_Survey_Body_Auto_Test.Validate_Thankyou_EMail(Email_Survey_Updated_In_Survey_Body_Auto_Test.java:324)
at java.base/jdk.internal.reflect.NativeMethodAccessorImpl.invoke0(Native Method)
at java.base/jdk.internal.reflect.NativeMethodAccessorImpl.invoke(NativeMethodAccessorImpl.java:62)
at java.base/jdk.internal.reflect.DelegatingMethodAccessorImpl.invoke(DelegatingMethodAccessorImpl.java:43)
at java.base/java.lang.reflect.Method.invoke(Method.java:566)
at org.testng.internal.invokers.MethodInvocationHelper.invokeMethod(MethodInvocationHelper.java:139)
at org.testng.internal.invokers.TestInvoker.invokeMethod(TestInvoker.java:677)
at org.testng.internal.invokers.TestInvoker.invokeTestMethod(TestInvoker.java:221)
at org.testng.internal.invokers.MethodRunner.runInSequence(MethodRunner.java:50)
at org.testng.internal.invokers.TestInvoker$MethodInvocationAgent.invoke(TestInvoker.java:962)
at org.testng.internal.invokers.TestInvoker.invokeTestMethods(TestInvoker.java:194)
at org.testng.internal.invokers.TestMethodWorker.invokeTestMethods(TestMethodWorker.java:148)
at org.testng.internal.invokers.TestMethodWorker.run(TestMethodWorker.java:128)
at java.base/java.util.ArrayList.forEach(ArrayList.java:1541)
at org.testng.TestRunner.privateRun(TestRunner.java:806)
at org.testng.TestRunner.run(TestRunner.java:601)
at org.testng.SuiteRunner.runTest(SuiteRunner.java:433)
at org.testng.SuiteRunner.runSequentially(SuiteRunner.java:427)
at org.testng.SuiteRunner.privateRun(SuiteRunner.java:387)
at org.testng.SuiteRunner.run(SuiteRunner.java:330)
at org.testng.SuiteRunnerWorker.runSuite(SuiteRunnerWorker.java:52)
at org.testng.SuiteRunnerWorker.run(SuiteRunnerWorker.java:95)
at org.testng.TestNG.runSuitesSequentially(TestNG.java:1256)
at org.testng.TestNG.runSuitesLocally(TestNG.java:1176)
at org.testng.TestNG.runSuites(TestNG.java:1099)
at org.testng.TestNG.run(TestNG.java:1067)
at org.testng.remote.AbstractRemoteTestNG.run(AbstractRemoteTestNG.java:115)
at org.testng.remote.RemoteTestNG.initAndRun(RemoteTestNG.java:251)
at org.testng.remote.RemoteTestNG.main(RemoteTestNG.java:77)
]]>
            </full-stacktrace>
          </exception> <!-- java.lang.AssertionError -->
          <reporter-output>
          </reporter-output>
        </test-method> <!-- Validate_Thankyou_EMail -->
      </class> <!-- com.checkerSoftware.testCases.Email_Survey_Updated_In_Survey_Body_Auto_Test -->
    </test> <!-- Email_Survey_Default -->
    <test started-at="2022-09-13T13:15:19 IST" name="Email_Survey_HINDI" finished-at="2022-09-13T13:17:29 IST" duration-ms="130512">
      <class name="com.checkerSoftware.testCases.Email_Survey_Updated_In_Survey_Hindi_Language_">
        <test-method is-config="true" signature="loadConfig()[pri:0, instance:com.checkerSoftware.testCases.Email_Survey_Updated_In_Survey_Hindi_Language_@4007f65e]" started-at="2022-09-13T13:15:19 IST" name="loadConfig" finished-at="2022-09-13T13:15:19 IST" duration-ms="1" status="PASS">
          <reporter-output>
          </reporter-output>
        </test-method> <!-- loadConfig -->
        <test-method is-config="true" signature="Asetup()[pri:0, instance:com.checkerSoftware.testCases.Email_Survey_Updated_In_Survey_Hindi_Language_@4007f65e]" started-at="2022-09-13T13:15:19 IST" name="Asetup" finished-at="2022-09-13T13:15:26 IST" duration-ms="7963" status="PASS">
          <reporter-output>
          </reporter-output>
        </test-method> <!-- Asetup -->
        <test-method signature="BcreateNewSampleRowEmail()[pri:0, instance:com.checkerSoftware.testCases.Email_Survey_Updated_In_Survey_Hindi_Language_@4007f65e]" started-at="2022-09-13T13:15:26 IST" name="BcreateNewSampleRowEmail" finished-at="2022-09-13T13:15:38 IST" duration-ms="11861" status="PASS">
          <reporter-output>
          </reporter-output>
        </test-method> <!-- BcreateNewSampleRowEmail -->
        <test-method signature="CeditSurvey()[pri:0, instance:com.checkerSoftware.testCases.Email_Survey_Updated_In_Survey_Hindi_Language_@4007f65e]" started-at="2022-09-13T13:15:38 IST" name="CeditSurvey" finished-at="2022-09-13T13:16:26 IST" depends-on-methods="com.checkerSoftware.testCases.Email_Survey_Updated_In_Survey_Hindi_Language_.BcreateNewSampleRowEmail" duration-ms="48030" status="PASS">
          <reporter-output>
          </reporter-output>
        </test-method> <!-- CeditSurvey -->
        <test-method signature="DxEmailLogin_SurveySubmit()[pri:0, instance:com.checkerSoftware.testCases.Email_Survey_Updated_In_Survey_Hindi_Language_@4007f65e]" started-at="2022-09-13T13:16:26 IST" name="DxEmailLogin_SurveySubmit" finished-at="2022-09-13T13:17:12 IST" depends-on-methods="com.checkerSoftware.testCases.Email_Survey_Updated_In_Survey_Hindi_Language_.CeditSurvey" duration-ms="45744" status="PASS">
          <reporter-output>
          </reporter-output>
        </test-method> <!-- DxEmailLogin_SurveySubmit -->
        <test-method signature="Validate_Thankyou_EMail()[pri:0, instance:com.checkerSoftware.testCases.Email_Survey_Updated_In_Survey_Hindi_Language_@4007f65e]" started-at="2022-09-13T13:17:12 IST" name="Validate_Thankyou_EMail" finished-at="2022-09-13T13:17:29 IST" depends-on-methods="com.checkerSoftware.testCases.Email_Survey_Updated_In_Survey_Hindi_Language_.DxEmailLogin_SurveySubmit" duration-ms="16904" status="FAIL">
          <exception class="java.lang.AssertionError">
            <message>
              <![CDATA[MisMatch ThankYou Massage E Mail Subject expected [Thank you Raj. ] but found [Thank you Raj.]]]>
            </message>
            <full-stacktrace>
              <![CDATA[java.lang.AssertionError: MisMatch ThankYou Massage E Mail Subject expected [Thank you Raj. ] but found [Thank you Raj.]
at org.testng.Assert.fail(Assert.java:110)
at org.testng.Assert.failNotEquals(Assert.java:1413)
at org.testng.Assert.assertEqualsImpl(Assert.java:149)
at org.testng.Assert.assertEquals(Assert.java:131)
at org.testng.Assert.assertEquals(Assert.java:655)
at com.checkerSoftware.testCases.Email_Survey_Updated_In_Survey_Hindi_Language_.Validate_Thankyou_EMail(Email_Survey_Updated_In_Survey_Hindi_Language_.java:338)
at java.base/jdk.internal.reflect.NativeMethodAccessorImpl.invoke0(Native Method)
at java.base/jdk.internal.reflect.NativeMethodAccessorImpl.invoke(NativeMethodAccessorImpl.java:62)
at java.base/jdk.internal.reflect.DelegatingMethodAccessorImpl.invoke(DelegatingMethodAccessorImpl.java:43)
at java.base/java.lang.reflect.Method.invoke(Method.java:566)
at org.testng.internal.invokers.MethodInvocationHelper.invokeMethod(MethodInvocationHelper.java:139)
at org.testng.internal.invokers.TestInvoker.invokeMethod(TestInvoker.java:677)
at org.testng.internal.invokers.TestInvoker.invokeTestMethod(TestInvoker.java:221)
at org.testng.internal.invokers.MethodRunner.runInSequence(MethodRunner.java:50)
at org.testng.internal.invokers.TestInvoker$MethodInvocationAgent.invoke(TestInvoker.java:962)
at org.testng.internal.invokers.TestInvoker.invokeTestMethods(TestInvoker.java:194)
at org.testng.internal.invokers.TestMethodWorker.invokeTestMethods(TestMethodWorker.java:148)
at org.testng.internal.invokers.TestMethodWorker.run(TestMethodWorker.java:128)
at java.base/java.util.ArrayList.forEach(ArrayList.java:1541)
at org.testng.TestRunner.privateRun(TestRunner.java:806)
at org.testng.TestRunner.run(TestRunner.java:601)
at org.testng.SuiteRunner.runTest(SuiteRunner.java:433)
at org.testng.SuiteRunner.runSequentially(SuiteRunner.java:427)
at org.testng.SuiteRunner.privateRun(SuiteRunner.java:387)
at org.testng.SuiteRunner.run(SuiteRunner.java:330)
at org.testng.SuiteRunnerWorker.runSuite(SuiteRunnerWorker.java:52)
at org.testng.SuiteRunnerWorker.run(SuiteRunnerWorker.java:95)
at org.testng.TestNG.runSuitesSequentially(TestNG.java:1256)
at org.testng.TestNG.runSuitesLocally(TestNG.java:1176)
at org.testng.TestNG.runSuites(TestNG.java:1099)
at org.testng.TestNG.run(TestNG.java:1067)
at org.testng.remote.AbstractRemoteTestNG.run(AbstractRemoteTestNG.java:115)
at org.testng.remote.RemoteTestNG.initAndRun(RemoteTestNG.java:251)
at org.testng.remote.RemoteTestNG.main(RemoteTestNG.java:77)
]]>
            </full-stacktrace>
          </exception> <!-- java.lang.AssertionError -->
          <reporter-output>
          </reporter-output>
        </test-method> <!-- Validate_Thankyou_EMail -->
      </class> <!-- com.checkerSoftware.testCases.Email_Survey_Updated_In_Survey_Hindi_Language_ -->
    </test> <!-- Email_Survey_HINDI -->
  </suite> <!-- Suite -->
</testng-results>
